[main] INFO  com.base.TestBase  - Selected the chrome browser
[main] INFO  com.base.TestBase  - Launched the application
[main] INFO  com.base.TestBase  - Logging into the application with valid credentials
[main] INFO  com.base.TestBase  - Validating the login page title
[main] INFO  com.base.TestBase  - closing the browser
[main] INFO  com.base.TestBase  - Selected the chrome browser
[main] INFO  com.base.TestBase  - Launched the application
[main] INFO  com.base.TestBase  - Logging into the application with valid credentials
[main] INFO  com.base.TestBase  - Validating the login page title
[main] INFO  com.base.TestBase  - closing the browser
[main] INFO  com.base.TestBase  - Selected the chrome browser
[main] INFO  com.base.TestBase  - Launched the application
[main] INFO  com.base.TestBase  - Logging into the application with valid credentials
[main] INFO  com.base.TestBase  - Validating the login page title
[main] INFO  com.base.TestBase  - closing the browser
[main] INFO  com.base.TestBase  - Selected the chrome browser
[main] INFO  com.base.TestBase  - Launched the application
[main] INFO  com.base.TestBase  - Logging into the application with valid credentials
[main] INFO  com.base.TestBase  - Validating the login page title
[main] INFO  com.base.TestBase  - closing the browser
[main] INFO  com.base.TestBase  - Selected the chrome browser
[main] INFO  com.base.TestBase  - Launched the application
[main] INFO  com.base.TestBase  - Validating the login page title
[main] INFO  com.base.TestBase  - Logging into the application with valid credentials
[main] INFO  com.base.TestBase  - closing the browser
[main] INFO  com.base.TestBase  - Selected the chrome browser
[main] INFO  com.base.TestBase  - Launched the application
[main] INFO  com.base.TestBase  - Validating the login page title
[main] INFO  com.base.TestBase  - closing the browser
[main] INFO  com.base.TestBase  - Selected the chrome browser
[main] INFO  com.base.TestBase  - Launched the application
[main] INFO  com.base.TestBase  - Logging into the application with valid credentials
[main] INFO  com.base.TestBase  - closing the browser
[main] INFO  com.base.TestBase  - Selected the chrome browser
[main] INFO  com.base.TestBase  - Launched the application
[main] INFO  com.base.TestBase  - Validating the login page title
[main] INFO  com.base.TestBase  - closing the browser
[main] INFO  com.base.TestBase  - Selected the chrome browser
[main] INFO  com.base.TestBase  - Launched the application
[main] INFO  com.base.TestBase  - Logging into the application with valid credentials
[main] INFO  com.base.TestBase  - closing the browser
[main] INFO  com.base.TestBase  - Selected the chrome browser
[main] INFO  com.base.TestBase  - Launched the application
[main] INFO  com.base.TestBase  - Logging into the application with invalid credentials
[main] INFO  com.base.TestBase  - closing the browser
[main] INFO  com.base.TestBase  - Selected the chrome browser
[main] INFO  com.base.TestBase  - Launched the application
[main] INFO  com.base.TestBase  - Validating the login page title
[main] INFO  com.base.TestBase  - closing the browser
[main] INFO  com.base.TestBase  - Selected the chrome browser
[main] INFO  com.base.TestBase  - Launched the application
[main] INFO  com.base.TestBase  - Logging into the application with valid credentials
[main] INFO  com.base.TestBase  - closing the browser
[main] INFO  com.base.TestBase  - Selected the chrome browser
[main] INFO  com.base.TestBase  - Launched the application
[main] INFO  com.base.TestBase  - Logging into the application with invalid credentials
[main] INFO  com.base.TestBase  - closing the browser
[main] INFO  com.base.TestBase  - Selected the chrome browser
[main] INFO  com.base.TestBase  - Launched the application
[main] INFO  com.base.TestBase  - Validating the login page title
[main] INFO  com.base.TestBase  - closing the browser
[main] INFO  com.base.TestBase  - Selected the chrome browser
[main] INFO  com.base.TestBase  - Launched the application
[main] INFO  com.base.TestBase  - Logging into the application with valid credentials
[main] INFO  com.base.TestBase  - closing the browser
[main] INFO  com.base.TestBase  - Selected the chrome browser
[main] INFO  com.base.TestBase  - Launched the application
[main] INFO  com.base.TestBase  - Logging into the application with invalid credentials
[main] INFO  com.base.TestBase  - closing the browser
[main] INFO  com.base.TestBase  - Selected the chrome browser
[main] INFO  com.base.TestBase  - Launched the application
[main] INFO  com.base.TestBase  - Validating the login page title
[main] INFO  com.base.TestBase  - closing the browser
[main] INFO  com.base.TestBase  - Selected the chrome browser
[main] INFO  com.base.TestBase  - Launched the application
[main] INFO  com.base.TestBase  - Logging into the application with valid credentials
[main] INFO  com.base.TestBase  - closing the browser
[main] INFO  com.base.TestBase  - Selected the chrome browser
[main] INFO  com.base.TestBase  - Launched the application
[main] INFO  com.base.TestBase  - Logging into the application with invalid credentials
[main] INFO  com.base.TestBase  - closing the browser
[main] INFO  com.base.TestBase  - Selected the chrome browser
[main] INFO  com.base.TestBase  - Launched the application
[main] INFO  com.base.TestBase  - Validating the login page title
[main] INFO  com.base.TestBase  - closing the browser
[main] INFO  com.base.TestBase  - Selected the chrome browser
[main] INFO  com.base.TestBase  - Launched the application
[main] INFO  com.base.TestBase  - Logging into the application with valid credentials
[main] INFO  com.base.TestBase  - closing the browser
[main] INFO  com.base.TestBase  - Selected the chrome browser
[main] INFO  com.base.TestBase  - Launched the application
[main] INFO  com.base.TestBase  - Logging into the application with invalid credentials
[main] INFO  com.base.TestBase  - closing the browser
[main] INFO  com.base.TestBase  - Selected the chrome browser
[main] INFO  com.base.TestBase  - Launched the application
[main] INFO  com.base.TestBase  - Logging into the application with invalid credentials
[main] INFO  com.base.TestBase  - closing the browser
[main] INFO  com.base.TestBase  - Selected the chrome browser
[main] INFO  com.base.TestBase  - Launched the application
[main] INFO  com.base.TestBase  - Validating the login page title
[main] INFO  com.base.TestBase  - closing the browser
[main] INFO  com.base.TestBase  - Selected the chrome browser
[main] INFO  com.base.TestBase  - Launched the application
[main] INFO  com.base.TestBase  - Logging into the application with valid credentials
[main] INFO  com.base.TestBase  - closing the browser
[main] INFO  com.base.TestBase  - Selected the chrome browser
[main] INFO  com.base.TestBase  - Launched the application
[main] INFO  com.base.TestBase  - Logging into the application with invalid credentials
[main] INFO  com.base.TestBase  - closing the browser
[main] INFO  com.base.TestBase  - Selected the chrome browser
[main] INFO  com.base.TestBase  - Launched the application
[main] INFO  com.base.TestBase  - Logging into the application with valid credentials
[main] INFO  com.base.TestBase  - closing the browser
[main] INFO  com.base.TestBase  - Selected the chrome browser
[main] INFO  com.base.TestBase  - Launched the application
[main] INFO  com.base.TestBase  - Logging into the application with valid credentials
[main] INFO  com.base.TestBase  - closing the browser
[main] INFO  com.base.TestBase  - Selected the chrome browser
[main] INFO  com.base.TestBase  - Launched the application
[main] INFO  com.base.TestBase  - Logging into the application with valid credentials
[main] INFO  com.base.TestBase  - closing the browser
[main] INFO  com.base.TestBase  - Selected the chrome browser
[main] INFO  com.base.TestBase  - Launched the application
[main] INFO  com.base.TestBase  - Logging into the application with valid credentials
[main] INFO  com.base.TestBase  - closing the browser
[main] INFO  com.base.TestBase  - Selected the chrome browser
[main] INFO  com.base.TestBase  - Launched the application
[main] INFO  com.base.TestBase  - Logging into the application with valid credentials
[main] INFO  com.base.TestBase  - closing the browser
[main] INFO  com.base.TestBase  - Selected the chrome browser
[main] INFO  com.base.TestBase  - Launched the application
[main] INFO  com.base.TestBase  - Logging into the application with valid credentials
[main] INFO  com.base.TestBase  - closing the browser
[main] INFO  com.base.TestBase  - Selected the chrome browser
[main] INFO  com.base.TestBase  - Launched the application
[main] INFO  com.base.TestBase  - Logging into the application with valid credentials
[main] INFO  com.base.TestBase  - closing the browser
[main] INFO  com.base.TestBase  - Selected the chrome browser
[main] INFO  com.base.TestBase  - Launched the application
[main] INFO  com.base.TestBase  - Logging into the application with valid credentials
[main] INFO  com.base.TestBase  - closing the browser
[main] INFO  com.base.TestBase  - Selected the chrome browser
[main] INFO  com.base.TestBase  - Launched the application
[main] INFO  com.base.TestBase  - Logging into the application with valid credentials
[main] INFO  com.base.TestBase  - closing the browser
[main] INFO  com.base.TestBase  - Selected the chrome browser
[main] INFO  com.base.TestBase  - Launched the application
[main] INFO  com.base.TestBase  - Logging into the application with valid credentials
[main] INFO  com.base.TestBase  - closing the browser
[main] INFO  com.base.TestBase  - Selected the chrome browser
[main] INFO  com.base.TestBase  - Launched the application
[main] INFO  com.base.TestBase  - Logging into the application with valid credentials
[main] INFO  com.base.TestBase  - closing the browser
[main] INFO  com.base.TestBase  - Selected the chrome browser
[main] INFO  com.base.TestBase  - Launched the application
[main] INFO  com.base.TestBase  - Logging into the application with valid credentials
[main] INFO  com.base.TestBase  - closing the browser
[main] INFO  com.base.TestBase  - Selected the chrome browser
[main] INFO  com.base.TestBase  - Launched the application
[main] INFO  com.base.TestBase  - Logging into the application with valid credentials
[main] INFO  com.base.TestBase  - closing the browser
[main] INFO  com.base.TestBase  - Selected the chrome browser
[main] INFO  com.base.TestBase  - Launched the application
[main] INFO  com.base.TestBase  - Logging into the application with valid credentials
[main] INFO  com.base.TestBase  - closing the browser
[main] INFO  com.base.TestBase  - Selected the chrome browser
[main] INFO  com.base.TestBase  - Launched the application
[main] INFO  com.base.TestBase  - Logging into the application with valid credentials
[main] INFO  com.base.TestBase  - closing the browser
[main] INFO  com.base.TestBase  - Selected the chrome browser
[main] INFO  com.base.TestBase  - Launched the application
[main] INFO  com.base.TestBase  - Logging into the application with valid credentials
[main] INFO  com.base.TestBase  - closing the browser
[main] INFO  com.base.TestBase  - Selected the chrome browser
[main] INFO  com.base.TestBase  - Launched the application
[main] INFO  com.base.TestBase  - Logging into the application with valid credentials
[main] INFO  com.base.TestBase  - closing the browser
[main] INFO  com.base.TestBase  - Selected the chrome browser
[main] INFO  com.base.TestBase  - Launched the application
[main] INFO  com.base.TestBase  - Validating the login page title
[main] INFO  com.base.TestBase  - closing the browser
[main] INFO  com.base.TestBase  - Selected the chrome browser
[main] INFO  com.base.TestBase  - Launched the application
[main] INFO  com.base.TestBase  - Logging into the application with valid credentials
[main] INFO  com.base.TestBase  - closing the browser
[main] INFO  com.base.TestBase  - Selected the chrome browser
[main] INFO  com.base.TestBase  - Launched the application
[main] INFO  com.base.TestBase  - Logging into the application with invalid credentials
[main] INFO  com.base.TestBase  - closing the browser
[main] INFO  com.base.TestBase  - Selected the chrome browser
[main] INFO  com.base.TestBase  - Launched the application
[main] INFO  com.base.TestBase  - Logging into the application with valid credentials
[main] INFO  com.base.TestBase  - closing the browser
[main] INFO  com.base.TestBase  - Selected the chrome browser
[main] INFO  com.base.TestBase  - Launched the application
[main] INFO  com.base.TestBase  - Logging into the application with valid credentials
[main] INFO  com.base.TestBase  - closing the browser
[main] INFO  com.base.TestBase  - Selected the chrome browser
[main] INFO  com.base.TestBase  - Launched the application
[main] INFO  com.base.TestBase  - Logging into the application with valid credentials
[main] INFO  com.base.TestBase  - closing the browser
[main] INFO  com.base.TestBase  - Selected the chrome browser
[main] INFO  com.base.TestBase  - Launched the application
[main] INFO  com.base.TestBase  - Logging into the application with valid credentials
[main] INFO  com.base.TestBase  - closing the browser
[main] INFO  com.base.TestBase  - Selected the chrome browser
[main] INFO  com.base.TestBase  - Launched the application
[main] INFO  com.base.TestBase  - Logging into the application with valid credentials
[main] INFO  com.base.TestBase  - closing the browser
[main] INFO  com.base.TestBase  - Selected the chrome browser
[main] INFO  com.base.TestBase  - Launched the application
[main] INFO  com.base.TestBase  - Logging into the application with valid credentials
[main] INFO  com.base.TestBase  - closing the browser
[main] INFO  com.base.TestBase  - Selected the chrome browser
[main] INFO  com.base.TestBase  - Launched the application
[main] INFO  com.base.TestBase  - Validating the login page title
[main] INFO  com.base.TestBase  - closing the browser
[main] INFO  com.base.TestBase  - Selected the chrome browser
[main] INFO  com.base.TestBase  - Launched the application
[main] INFO  com.base.TestBase  - Logging into the application with valid credentials
[main] INFO  com.base.TestBase  - closing the browser
[main] INFO  com.base.TestBase  - Selected the chrome browser
[main] INFO  com.base.TestBase  - Launched the application
[main] INFO  com.base.TestBase  - Logging into the application with invalid credentials
[main] INFO  com.base.TestBase  - closing the browser
[main] INFO  com.base.TestBase  - Selected the chrome browser
[main] INFO  com.base.TestBase  - Selected the chrome browser
[main] INFO  com.base.TestBase  - Launched the application
[main] INFO  com.base.TestBase  - Logging into the application with valid credentials
[main] INFO  com.base.TestBase  - closing the browser
[main] INFO  com.base.TestBase  - Selected the chrome browser
[main] INFO  com.base.TestBase  - Launched the application
[main] INFO  com.base.TestBase  - Validating the login page title
[main] INFO  com.base.TestBase  - closing the browser
[main] INFO  com.base.TestBase  - Selected the chrome browser
[main] INFO  com.base.TestBase  - Launched the application
[main] INFO  com.base.TestBase  - Logging into the application with valid credentials
[main] INFO  com.base.TestBase  - closing the browser
[main] INFO  com.base.TestBase  - Selected the chrome browser
[main] INFO  com.base.TestBase  - Launched the application
[main] INFO  com.base.TestBase  - Logging into the application with invalid credentials
[main] INFO  com.base.TestBase  - closing the browser
[main] INFO  com.base.TestBase  - Selected the chrome browser
[main] INFO  com.base.TestBase  - Launched the application
[main] INFO  com.base.TestBase  - Logging into the application with valid credentials
[main] INFO  com.base.TestBase  - closing the browser
[main] INFO  com.base.TestBase  - Selected the chrome browser
[main] INFO  com.base.TestBase  - Launched the application
[main] INFO  com.base.TestBase  - Logging into the application with valid credentials
[main] INFO  com.base.TestBase  - closing the browser
[main] INFO  com.base.TestBase  - Selected the chrome browser
[main] INFO  com.base.TestBase  - Launched the application
[main] INFO  com.base.TestBase  - Logging into the application with valid credentials
[main] INFO  com.base.TestBase  - closing the browser
[main] INFO  com.base.TestBase  - Selected the chrome browser
[main] INFO  com.base.TestBase  - Launched the application
[main] INFO  com.base.TestBase  - Logging into the application with valid credentials
[main] INFO  com.base.TestBase  - closing the browser
[main] INFO  com.base.TestBase  - Selected the chrome browser
[main] INFO  com.base.TestBase  - Launched the application
[main] INFO  com.base.TestBase  - Logging into the application with valid credentials
[main] INFO  com.base.TestBase  - closing the browser
[main] INFO  com.base.TestBase  - Selected the chrome browser
[main] INFO  com.base.TestBase  - Launched the application
[main] INFO  com.base.TestBase  - closing the browser
[main] INFO  com.base.TestBase  - Selected the chrome browser
[main] INFO  com.base.TestBase  - Launched the application
[main] INFO  com.base.TestBase  - closing the browser
[main] INFO  com.base.TestBase  - Selected the chrome browser
[main] INFO  com.base.TestBase  - Launched the application
[main] INFO  com.base.TestBase  - Logging into the application with valid credentials
[main] INFO  com.base.TestBase  - closing the browser
[main] INFO  com.base.TestBase  - Selected the chrome browser
[main] INFO  com.base.TestBase  - Launched the application
[main] INFO  com.base.TestBase  - Logging into the application with valid credentials
[main] INFO  com.base.TestBase  - closing the browser
[main] INFO  com.base.TestBase  - Selected the chrome browser
[main] INFO  com.base.TestBase  - Launched the application
[main] INFO  com.base.TestBase  - Logging into the application with valid credentials
[main] INFO  com.base.TestBase  - closing the browser
[main] INFO  com.base.TestBase  - Selected the chrome browser
[main] INFO  com.base.TestBase  - Launched the application
[main] INFO  com.base.TestBase  - Logging into the application with valid credentials
[main] INFO  com.base.TestBase  - closing the browser
[main] INFO  com.base.TestBase  - Selected the chrome browser
[main] INFO  com.base.TestBase  - Launched the application
[main] INFO  com.base.TestBase  - Logging into the application with valid credentials
[main] INFO  com.base.TestBase  - closing the browser
[main] INFO  com.base.TestBase  - Selected the chrome browser
[main] INFO  com.base.TestBase  - Launched the application
[main] INFO  com.base.TestBase  - Logging into the application with valid credentials
[main] INFO  com.base.TestBase  - closing the browser
[main] INFO  com.base.TestBase  - Selected the chrome browser
[main] INFO  com.base.TestBase  - Launched the application
[main] INFO  com.base.TestBase  - Logging into the application with valid credentials
[main] INFO  com.base.TestBase  - closing the browser
